C51 COMPILER V9.50a   MAIN                                                                 07/24/2012 17:38:03 PAGE 1   


C51 COMPILER V9.50a, COMPILATION OF MODULE MAIN
OBJECT MODULE PLACED IN .\Output\main.obj
COMPILER INVOKED BY: f:\Program Files\Keil_C51\C51\BIN\C51.EXE User\main.c LARGE BROWSE INCDIR(F:\Program Files\Keil_C51
                    -\C51\INC;.\User) DEBUG OBJECTEXTEND PRINT(.\Output\main.lst) OBJECT(.\Output\main.obj)

line level    source

   1          #include <reg52.h>
   2          #include "Timer.h"
   3          #include "Led7Seg.c"
   4          #include "main.h"
   5          #include "port.h"
   6          
   7          //-----------------------------------------------------------------------
   8          //          主函数
   9          //-----------------------------------------------------------------------
  10          void main(void)
  11          {
  12   1          io_led = 0; //发光二极管与数码管共用P0口,这里禁止掉发光二极管的锁存输出
  13   1          Timer0Init();
  14   1          SetClock(10, 20, 30); //设置初始时间为10点20分30秒
  15   1          EA = 1;
  16   1          while(1)
  17   1          {
  18   2              LedDisplay(g_u8LedDisplayBuffer);
  19   2              RunClock();
  20   2          }
  21   1      }   
  22          
  23          
  24          
  25          
  26          
  27          
  28          
  29          
  30          


MODULE INFORMATION:   STATIC OVERLAYABLE
   CODE SIZE        =    177    ----
   CONSTANT SIZE    =     34    ----
   XDATA SIZE       =     18    ----
   PDATA SIZE       =   ----    ----
   DATA SIZE        =   ----    ----
   IDATA SIZE       =   ----    ----
   BIT SIZE         =   ----    ----
END OF MODULE INFORMATION.


C51 COMPILATION COMPLETE.  0 WARNING(S),  0 ERROR(S)
